{"C:\\Users\\Netanel Izhak\\Desktop\\projects\\LearnToCode\\src\\actions\\homeActions.ts": {"path":"C:\\Users\\Netanel Izhak\\Desktop\\projects\\LearnToCode\\src\\actions\\homeActions.ts","statementMap":{"0":{"start":{"line":5,"column":17},"end":{"line":5,"column":21}},"1":{"start":{"line":7,"column":19},"end":{"line":7,"column":37}},"2":{"start":{"line":9,"column":26},"end":{"line":14,"column":1}},"3":{"start":{"line":10,"column":2},"end":{"line":13,"column":3}},"4":{"start":{"line":16,"column":34},"end":{"line":33,"column":1}},"5":{"start":{"line":16,"column":52},"end":{"line":33,"column":1}},"6":{"start":{"line":17,"column":30},"end":{"line":17,"column":32}},"7":{"start":{"line":19,"column":2},"end":{"line":27,"column":3}},"8":{"start":{"line":20,"column":4},"end":{"line":26,"column":5}},"9":{"start":{"line":21,"column":62},"end":{"line":21,"column":96}},"10":{"start":{"line":28,"column":2},"end":{"line":31,"column":4}},"11":{"start":{"line":35,"column":38},"end":{"line":40,"column":1}},"12":{"start":{"line":36,"column":2},"end":{"line":39,"column":3}},"13":{"start":{"line":42,"column":39},"end":{"line":44,"column":1}},"14":{"start":{"line":43,"column":2},"end":{"line":43,"column":48}},"15":{"start":{"line":46,"column":30},"end":{"line":54,"column":1}},"16":{"start":{"line":47,"column":1},"end":{"line":47,"column":39}},"17":{"start":{"line":48,"column":26},"end":{"line":48,"column":119}},"18":{"start":{"line":50,"column":2},"end":{"line":53,"column":3}},"19":{"start":{"line":56,"column":42},"end":{"line":66,"column":1}},"20":{"start":{"line":57,"column":26},"end":{"line":57,"column":28}},"21":{"start":{"line":58,"column":2},"end":{"line":60,"column":4}},"22":{"start":{"line":59,"column":4},"end":{"line":59,"column":22}},"23":{"start":{"line":62,"column":2},"end":{"line":65,"column":3}}},"fnMap":{"0":{"name":"(anonymous_0)","decl":{"start":{"line":9,"column":26},"end":{"line":9,"column":27}},"loc":{"start":{"line":9,"column":30},"end":{"line":14,"column":1}},"line":9},"1":{"name":"(anonymous_1)","decl":{"start":{"line":16,"column":34},"end":{"line":16,"column":35}},"loc":{"start":{"line":16,"column":52},"end":{"line":33,"column":1}},"line":16},"2":{"name":"(anonymous_2)","decl":{"start":{"line":16,"column":52},"end":{"line":16,"column":53}},"loc":{"start":{"line":16,"column":73},"end":{"line":33,"column":1}},"line":16},"3":{"name":"(anonymous_3)","decl":{"start":{"line":21,"column":51},"end":{"line":21,"column":52}},"loc":{"start":{"line":21,"column":62},"end":{"line":21,"column":96}},"line":21},"4":{"name":"(anonymous_4)","decl":{"start":{"line":35,"column":38},"end":{"line":35,"column":39}},"loc":{"start":{"line":35,"column":60},"end":{"line":40,"column":1}},"line":35},"5":{"name":"(anonymous_5)","decl":{"start":{"line":42,"column":39},"end":{"line":42,"column":40}},"loc":{"start":{"line":42,"column":62},"end":{"line":44,"column":1}},"line":42},"6":{"name":"(anonymous_6)","decl":{"start":{"line":46,"column":30},"end":{"line":46,"column":31}},"loc":{"start":{"line":46,"column":54},"end":{"line":54,"column":1}},"line":46},"7":{"name":"(anonymous_7)","decl":{"start":{"line":56,"column":42},"end":{"line":56,"column":43}},"loc":{"start":{"line":56,"column":46},"end":{"line":66,"column":1}},"line":56},"8":{"name":"(anonymous_8)","decl":{"start":{"line":58,"column":64},"end":{"line":58,"column":65}},"loc":{"start":{"line":58,"column":77},"end":{"line":60,"column":3}},"line":58}},"branchMap":{"0":{"loc":{"start":{"line":19,"column":2},"end":{"line":27,"column":3}},"type":"if","locations":[{"start":{"line":19,"column":2},"end":{"line":27,"column":3}},{"start":{"line":19,"column":2},"end":{"line":27,"column":3}}],"line":19}},"s":{"0":0,"1":0,"2":0,"3":0,"4":0,"5":0,"6":0,"7":0,"8":0,"9":0,"10":0,"11":0,"12":0,"13":0,"14":0,"15":0,"16":0,"17":0,"18":0,"19":0,"20":0,"21":0,"22":0,"23":0},"f":{"0":0,"1":0,"2":0,"3":0,"4":0,"5":0,"6":0,"7":0,"8":0},"b":{"0":[0,0]}}
,"C:\\Users\\Netanel Izhak\\Desktop\\projects\\LearnToCode\\src\\actions\\actionTypes\\homeActionTypes.ts": {"path":"C:\\Users\\Netanel Izhak\\Desktop\\projects\\LearnToCode\\src\\actions\\actionTypes\\homeActionTypes.ts","statementMap":{"0":{"start":{"line":1,"column":28},"end":{"line":1,"column":42}},"1":{"start":{"line":2,"column":36},"end":{"line":2,"column":58}},"2":{"start":{"line":3,"column":32},"end":{"line":3,"column":50}},"3":{"start":{"line":4,"column":42},"end":{"line":4,"column":68}},"4":{"start":{"line":5,"column":43},"end":{"line":5,"column":70}}},"fnMap":{},"branchMap":{},"s":{"0":0,"1":0,"2":0,"3":0,"4":0},"f":{},"b":{}}
,"C:\\Users\\Netanel Izhak\\Desktop\\projects\\LearnToCode\\src\\android\\index.ts": {"path":"C:\\Users\\Netanel Izhak\\Desktop\\projects\\LearnToCode\\src\\android\\index.ts","statementMap":{"0":{"start":{"line":5,"column":19},"end":{"line":5,"column":65}},"1":{"start":{"line":6,"column":15},"end":{"line":6,"column":36}},"2":{"start":{"line":7,"column":15},"end":{"line":7,"column":38}},"3":{"start":{"line":8,"column":0},"end":{"line":8,"column":28}},"4":{"start":{"line":9,"column":0},"end":{"line":9,"column":37}},"5":{"start":{"line":10,"column":0},"end":{"line":10,"column":37}}},"fnMap":{},"branchMap":{},"s":{"0":0,"1":0,"2":0,"3":0,"4":0,"5":0},"f":{},"b":{}}
,"C:\\Users\\Netanel Izhak\\Desktop\\projects\\LearnToCode\\src\\android\\articles\\activityLifecycle.ts": {"path":"C:\\Users\\Netanel Izhak\\Desktop\\projects\\LearnToCode\\src\\android\\articles\\activityLifecycle.ts","statementMap":{"0":{"start":{"line":1,"column":17},"end":{"line":1,"column":21}}},"fnMap":{},"branchMap":{},"s":{"0":0},"f":{},"b":{}}
,"C:\\Users\\Netanel Izhak\\Desktop\\projects\\LearnToCode\\src\\android\\articles\\alertDialog.ts": {"path":"C:\\Users\\Netanel Izhak\\Desktop\\projects\\LearnToCode\\src\\android\\articles\\alertDialog.ts","statementMap":{"0":{"start":{"line":1,"column":17},"end":{"line":1,"column":21}}},"fnMap":{},"branchMap":{},"s":{"0":0},"f":{},"b":{}}
,"C:\\Users\\Netanel Izhak\\Desktop\\projects\\LearnToCode\\src\\android\\articles\\fragment.ts": {"path":"C:\\Users\\Netanel Izhak\\Desktop\\projects\\LearnToCode\\src\\android\\articles\\fragment.ts","statementMap":{"0":{"start":{"line":1,"column":17},"end":{"line":1,"column":21}}},"fnMap":{},"branchMap":{},"s":{"0":0},"f":{},"b":{}}
,"C:\\Users\\Netanel Izhak\\Desktop\\projects\\LearnToCode\\src\\android\\articles\\index.ts": {"path":"C:\\Users\\Netanel Izhak\\Desktop\\projects\\LearnToCode\\src\\android\\articles\\index.ts","statementMap":{"0":{"start":{"line":13,"column":0},"end":{"line":54,"column":1}},"1":{"start":{"line":56,"column":19},"end":{"line":62,"column":1}},"2":{"start":{"line":57,"column":22},"end":{"line":57,"column":54}},"3":{"start":{"line":58,"column":2},"end":{"line":60,"column":4}},"4":{"start":{"line":59,"column":4},"end":{"line":59,"column":50}},"5":{"start":{"line":61,"column":2},"end":{"line":61,"column":22}}},"fnMap":{"0":{"name":"(anonymous_0)","decl":{"start":{"line":56,"column":19},"end":{"line":56,"column":20}},"loc":{"start":{"line":56,"column":23},"end":{"line":62,"column":1}},"line":56},"1":{"name":"(anonymous_1)","decl":{"start":{"line":58,"column":26},"end":{"line":58,"column":27}},"loc":{"start":{"line":58,"column":43},"end":{"line":60,"column":3}},"line":58}},"branchMap":{},"s":{"0":0,"1":0,"2":0,"3":0,"4":0,"5":0},"f":{"0":0,"1":0},"b":{}}
,"C:\\Users\\Netanel Izhak\\Desktop\\projects\\LearnToCode\\src\\android\\articles\\intent.ts": {"path":"C:\\Users\\Netanel Izhak\\Desktop\\projects\\LearnToCode\\src\\android\\articles\\intent.ts","statementMap":{"0":{"start":{"line":1,"column":17},"end":{"line":1,"column":21}}},"fnMap":{},"branchMap":{},"s":{"0":0},"f":{},"b":{}}
,"C:\\Users\\Netanel Izhak\\Desktop\\projects\\LearnToCode\\src\\android\\articles\\liveData.ts": {"path":"C:\\Users\\Netanel Izhak\\Desktop\\projects\\LearnToCode\\src\\android\\articles\\liveData.ts","statementMap":{"0":{"start":{"line":1,"column":17},"end":{"line":1,"column":21}}},"fnMap":{},"branchMap":{},"s":{"0":0},"f":{},"b":{}}
,"C:\\Users\\Netanel Izhak\\Desktop\\projects\\LearnToCode\\src\\android\\articles\\service.ts": {"path":"C:\\Users\\Netanel Izhak\\Desktop\\projects\\LearnToCode\\src\\android\\articles\\service.ts","statementMap":{"0":{"start":{"line":1,"column":17},"end":{"line":1,"column":21}}},"fnMap":{},"branchMap":{},"s":{"0":0},"f":{},"b":{}}
,"C:\\Users\\Netanel Izhak\\Desktop\\projects\\LearnToCode\\src\\android\\articles\\toast.ts": {"path":"C:\\Users\\Netanel Izhak\\Desktop\\projects\\LearnToCode\\src\\android\\articles\\toast.ts","statementMap":{"0":{"start":{"line":1,"column":17},"end":{"line":1,"column":21}}},"fnMap":{},"branchMap":{},"s":{"0":0},"f":{},"b":{}}
,"C:\\Users\\Netanel Izhak\\Desktop\\projects\\LearnToCode\\src\\android\\articles\\viewModel.ts": {"path":"C:\\Users\\Netanel Izhak\\Desktop\\projects\\LearnToCode\\src\\android\\articles\\viewModel.ts","statementMap":{"0":{"start":{"line":1,"column":17},"end":{"line":1,"column":21}}},"fnMap":{},"branchMap":{},"s":{"0":0},"f":{},"b":{}}
,"C:\\Users\\Netanel Izhak\\Desktop\\projects\\LearnToCode\\src\\android\\examples\\chatApp.ts": {"path":"C:\\Users\\Netanel Izhak\\Desktop\\projects\\LearnToCode\\src\\android\\examples\\chatApp.ts","statementMap":{"0":{"start":{"line":1,"column":17},"end":{"line":1,"column":21}}},"fnMap":{},"branchMap":{},"s":{"0":0},"f":{},"b":{}}
,"C:\\Users\\Netanel Izhak\\Desktop\\projects\\LearnToCode\\src\\android\\examples\\covid19App.ts": {"path":"C:\\Users\\Netanel Izhak\\Desktop\\projects\\LearnToCode\\src\\android\\examples\\covid19App.ts","statementMap":{"0":{"start":{"line":1,"column":17},"end":{"line":1,"column":21}}},"fnMap":{},"branchMap":{},"s":{"0":0},"f":{},"b":{}}
,"C:\\Users\\Netanel Izhak\\Desktop\\projects\\LearnToCode\\src\\android\\examples\\genericRecyclerView.ts": {"path":"C:\\Users\\Netanel Izhak\\Desktop\\projects\\LearnToCode\\src\\android\\examples\\genericRecyclerView.ts","statementMap":{"0":{"start":{"line":1,"column":17},"end":{"line":1,"column":21}}},"fnMap":{},"branchMap":{},"s":{"0":0},"f":{},"b":{}}
,"C:\\Users\\Netanel Izhak\\Desktop\\projects\\LearnToCode\\src\\android\\examples\\index.ts": {"path":"C:\\Users\\Netanel Izhak\\Desktop\\projects\\LearnToCode\\src\\android\\examples\\index.ts","statementMap":{"0":{"start":{"line":8,"column":0},"end":{"line":29,"column":1}},"1":{"start":{"line":31,"column":19},"end":{"line":37,"column":1}},"2":{"start":{"line":32,"column":22},"end":{"line":32,"column":54}},"3":{"start":{"line":33,"column":2},"end":{"line":35,"column":4}},"4":{"start":{"line":34,"column":4},"end":{"line":34,"column":50}},"5":{"start":{"line":36,"column":2},"end":{"line":36,"column":22}}},"fnMap":{"0":{"name":"(anonymous_0)","decl":{"start":{"line":31,"column":19},"end":{"line":31,"column":20}},"loc":{"start":{"line":31,"column":23},"end":{"line":37,"column":1}},"line":31},"1":{"name":"(anonymous_1)","decl":{"start":{"line":33,"column":26},"end":{"line":33,"column":27}},"loc":{"start":{"line":33,"column":43},"end":{"line":35,"column":3}},"line":33}},"branchMap":{},"s":{"0":0,"1":0,"2":0,"3":0,"4":0,"5":0},"f":{"0":0,"1":0},"b":{}}
,"C:\\Users\\Netanel Izhak\\Desktop\\projects\\LearnToCode\\src\\android\\examples\\splashScreen.ts": {"path":"C:\\Users\\Netanel Izhak\\Desktop\\projects\\LearnToCode\\src\\android\\examples\\splashScreen.ts","statementMap":{"0":{"start":{"line":1,"column":17},"end":{"line":1,"column":21}}},"fnMap":{},"branchMap":{},"s":{"0":0},"f":{},"b":{}}
,"C:\\Users\\Netanel Izhak\\Desktop\\projects\\LearnToCode\\src\\data\\SubjectDetails.tsx": {"path":"C:\\Users\\Netanel Izhak\\Desktop\\projects\\LearnToCode\\src\\data\\SubjectDetails.tsx","statementMap":{"0":{"start":{"line":2,"column":18},"end":{"line":2,"column":20}},"1":{"start":{"line":3,"column":19},"end":{"line":3,"column":21}},"2":{"start":{"line":4,"column":22},"end":{"line":4,"column":24}}},"fnMap":{},"branchMap":{},"s":{"0":0,"1":0,"2":0},"f":{},"b":{}}
,"C:\\Users\\Netanel Izhak\\Desktop\\projects\\LearnToCode\\src\\data\\TopicBuilder.tsx": {"path":"C:\\Users\\Netanel Izhak\\Desktop\\projects\\LearnToCode\\src\\data\\TopicBuilder.tsx","statementMap":{"0":{"start":{"line":7,"column":4},"end":{"line":7,"column":17}},"1":{"start":{"line":8,"column":4},"end":{"line":8,"column":28}},"2":{"start":{"line":9,"column":4},"end":{"line":9,"column":19}},"3":{"start":{"line":13,"column":4},"end":{"line":13,"column":20}},"4":{"start":{"line":16,"column":4},"end":{"line":16,"column":42}},"5":{"start":{"line":19,"column":4},"end":{"line":19,"column":24}},"6":{"start":{"line":22,"column":4},"end":{"line":22,"column":21}},"7":{"start":{"line":25,"column":4},"end":{"line":25,"column":32}},"8":{"start":{"line":28,"column":4},"end":{"line":28,"column":23}}},"fnMap":{"0":{"name":"(anonymous_0)","decl":{"start":{"line":6,"column":2},"end":{"line":6,"column":3}},"loc":{"start":{"line":6,"column":15},"end":{"line":10,"column":3}},"line":6},"1":{"name":"(anonymous_1)","decl":{"start":{"line":12,"column":2},"end":{"line":12,"column":3}},"loc":{"start":{"line":12,"column":24},"end":{"line":14,"column":3}},"line":12},"2":{"name":"(anonymous_2)","decl":{"start":{"line":15,"column":2},"end":{"line":15,"column":3}},"loc":{"start":{"line":15,"column":46},"end":{"line":17,"column":3}},"line":15},"3":{"name":"(anonymous_3)","decl":{"start":{"line":18,"column":2},"end":{"line":18,"column":3}},"loc":{"start":{"line":18,"column":28},"end":{"line":20,"column":3}},"line":18},"4":{"name":"(anonymous_4)","decl":{"start":{"line":21,"column":2},"end":{"line":21,"column":3}},"loc":{"start":{"line":21,"column":19},"end":{"line":23,"column":3}},"line":21},"5":{"name":"(anonymous_5)","decl":{"start":{"line":24,"column":2},"end":{"line":24,"column":3}},"loc":{"start":{"line":24,"column":30},"end":{"line":26,"column":3}},"line":24},"6":{"name":"(anonymous_6)","decl":{"start":{"line":27,"column":2},"end":{"line":27,"column":3}},"loc":{"start":{"line":27,"column":21},"end":{"line":29,"column":3}},"line":27}},"branchMap":{},"s":{"0":0,"1":0,"2":0,"3":0,"4":0,"5":0,"6":0,"7":0,"8":0},"f":{"0":0,"1":0,"2":0,"3":0,"4":0,"5":0,"6":0},"b":{}}
,"C:\\Users\\Netanel Izhak\\Desktop\\projects\\LearnToCode\\src\\navigation\\RootNavigation.js": {"path":"C:\\Users\\Netanel Izhak\\Desktop\\projects\\LearnToCode\\src\\navigation\\RootNavigation.js","statementMap":{"0":{"start":{"line":3,"column":27},"end":{"line":3,"column":38}},"1":{"start":{"line":6,"column":2},"end":{"line":6,"column":48}},"2":{"start":{"line":10,"column":2},"end":{"line":10,"column":40}}},"fnMap":{"0":{"name":"navigateWithParams","decl":{"start":{"line":5,"column":16},"end":{"line":5,"column":34}},"loc":{"start":{"line":5,"column":49},"end":{"line":7,"column":1}},"line":5},"1":{"name":"navigate","decl":{"start":{"line":9,"column":16},"end":{"line":9,"column":24}},"loc":{"start":{"line":9,"column":31},"end":{"line":11,"column":1}},"line":9}},"branchMap":{},"s":{"0":0,"1":0,"2":0},"f":{"0":0,"1":0},"b":{}}
,"C:\\Users\\Netanel Izhak\\Desktop\\projects\\LearnToCode\\src\\navigation\\index.ts": {"path":"C:\\Users\\Netanel Izhak\\Desktop\\projects\\LearnToCode\\src\\navigation\\index.ts","statementMap":{},"fnMap":{},"branchMap":{},"s":{},"f":{},"b":{}}
,"C:\\Users\\Netanel Izhak\\Desktop\\projects\\LearnToCode\\src\\reducers\\homeReducer.ts": {"path":"C:\\Users\\Netanel Izhak\\Desktop\\projects\\LearnToCode\\src\\reducers\\homeReducer.ts","statementMap":{"0":{"start":{"line":6,"column":19},"end":{"line":12,"column":1}},"1":{"start":{"line":15,"column":2},"end":{"line":43,"column":3}},"2":{"start":{"line":17,"column":5},"end":{"line":20,"column":6}},"3":{"start":{"line":22,"column":5},"end":{"line":25,"column":6}},"4":{"start":{"line":28,"column":5},"end":{"line":31,"column":6}},"5":{"start":{"line":33,"column":6},"end":{"line":36,"column":7}},"6":{"start":{"line":38,"column":5},"end":{"line":41,"column":6}},"7":{"start":{"line":42,"column":13},"end":{"line":42,"column":25}}},"fnMap":{"0":{"name":"(anonymous_0)","decl":{"start":{"line":14,"column":15},"end":{"line":14,"column":16}},"loc":{"start":{"line":14,"column":48},"end":{"line":44,"column":1}},"line":14}},"branchMap":{"0":{"loc":{"start":{"line":14,"column":16},"end":{"line":14,"column":34}},"type":"default-arg","locations":[{"start":{"line":14,"column":22},"end":{"line":14,"column":34}}],"line":14},"1":{"loc":{"start":{"line":15,"column":2},"end":{"line":43,"column":3}},"type":"switch","locations":[{"start":{"line":16,"column":3},"end":{"line":20,"column":6}},{"start":{"line":21,"column":3},"end":{"line":25,"column":6}},{"start":{"line":26,"column":3},"end":{"line":31,"column":6}},{"start":{"line":32,"column":5},"end":{"line":36,"column":7}},{"start":{"line":37,"column":3},"end":{"line":41,"column":6}},{"start":{"line":42,"column":4},"end":{"line":42,"column":25}}],"line":15}},"s":{"0":0,"1":0,"2":0,"3":0,"4":0,"5":0,"6":0,"7":0},"f":{"0":0},"b":{"0":[0],"1":[0,0,0,0,0,0]}}
,"C:\\Users\\Netanel Izhak\\Desktop\\projects\\LearnToCode\\src\\reducers\\rootReducer.ts": {"path":"C:\\Users\\Netanel Izhak\\Desktop\\projects\\LearnToCode\\src\\reducers\\rootReducer.ts","statementMap":{"0":{"start":{"line":5,"column":18},"end":{"line":7,"column":2}}},"fnMap":{},"branchMap":{},"s":{"0":0},"f":{},"b":{}}
,"C:\\Users\\Netanel Izhak\\Desktop\\projects\\LearnToCode\\src\\ui\\LoadingSpinnerModal.tsx": {"path":"C:\\Users\\Netanel Izhak\\Desktop\\projects\\LearnToCode\\src\\ui\\LoadingSpinnerModal.tsx","statementMap":{"0":{"start":{"line":9,"column":2},"end":{"line":17,"column":3}}},"fnMap":{"0":{"name":"LoadingSpinnerModal","decl":{"start":{"line":8,"column":9},"end":{"line":8,"column":28}},"loc":{"start":{"line":8,"column":48},"end":{"line":18,"column":1}},"line":8}},"branchMap":{},"s":{"0":0},"f":{"0":0},"b":{}}
,"C:\\Users\\Netanel Izhak\\Desktop\\projects\\LearnToCode\\src\\ui\\common\\CommonFlatList.tsx": {"path":"C:\\Users\\Netanel Izhak\\Desktop\\projects\\LearnToCode\\src\\ui\\common\\CommonFlatList.tsx","statementMap":{"0":{"start":{"line":9,"column":22},"end":{"line":35,"column":1}},"1":{"start":{"line":11,"column":2},"end":{"line":13,"column":8}},"2":{"start":{"line":15,"column":27},"end":{"line":24,"column":3}},"3":{"start":{"line":16,"column":2},"end":{"line":23,"column":5}},"4":{"start":{"line":19,"column":23},"end":{"line":19,"column":45}},"5":{"start":{"line":26,"column":2},"end":{"line":34,"column":3}},"6":{"start":{"line":30,"column":26},"end":{"line":30,"column":50}},"7":{"start":{"line":31,"column":36},"end":{"line":31,"column":52}},"8":{"start":{"line":37,"column":13},"end":{"line":59,"column":2}}},"fnMap":{"0":{"name":"(anonymous_0)","decl":{"start":{"line":9,"column":22},"end":{"line":9,"column":23}},"loc":{"start":{"line":9,"column":77},"end":{"line":35,"column":1}},"line":9},"1":{"name":"(anonymous_1)","decl":{"start":{"line":11,"column":12},"end":{"line":11,"column":13}},"loc":{"start":{"line":11,"column":18},"end":{"line":13,"column":3}},"line":11},"2":{"name":"(anonymous_2)","decl":{"start":{"line":15,"column":27},"end":{"line":15,"column":28}},"loc":{"start":{"line":15,"column":61},"end":{"line":24,"column":3}},"line":15},"3":{"name":"(anonymous_3)","decl":{"start":{"line":19,"column":17},"end":{"line":19,"column":18}},"loc":{"start":{"line":19,"column":21},"end":{"line":19,"column":47}},"line":19},"4":{"name":"(anonymous_4)","decl":{"start":{"line":30,"column":20},"end":{"line":30,"column":21}},"loc":{"start":{"line":30,"column":26},"end":{"line":30,"column":50}},"line":30},"5":{"name":"(anonymous_5)","decl":{"start":{"line":31,"column":22},"end":{"line":31,"column":23}},"loc":{"start":{"line":31,"column":36},"end":{"line":31,"column":52}},"line":31}},"branchMap":{},"s":{"0":0,"1":0,"2":0,"3":0,"4":0,"5":0,"6":0,"7":0,"8":0},"f":{"0":0,"1":0,"2":0,"3":0,"4":0,"5":0},"b":{}}
,"C:\\Users\\Netanel Izhak\\Desktop\\projects\\LearnToCode\\src\\ui\\common\\admob\\BannerAdmob.tsx": {"path":"C:\\Users\\Netanel Izhak\\Desktop\\projects\\LearnToCode\\src\\ui\\common\\admob\\BannerAdmob.tsx","statementMap":{"0":{"start":{"line":6,"column":17},"end":{"line":6,"column":84}},"1":{"start":{"line":8,"column":20},"end":{"line":23,"column":1}},"2":{"start":{"line":10,"column":2},"end":{"line":22,"column":3}}},"fnMap":{"0":{"name":"(anonymous_0)","decl":{"start":{"line":8,"column":20},"end":{"line":8,"column":21}},"loc":{"start":{"line":8,"column":26},"end":{"line":23,"column":1}},"line":8}},"branchMap":{"0":{"loc":{"start":{"line":6,"column":17},"end":{"line":6,"column":84}},"type":"cond-expr","locations":[{"start":{"line":6,"column":27},"end":{"line":6,"column":41}},{"start":{"line":6,"column":44},"end":{"line":6,"column":84}}],"line":6}},"s":{"0":0,"1":0,"2":0},"f":{"0":0},"b":{"0":[0,0]}}
,"C:\\Users\\Netanel Izhak\\Desktop\\projects\\LearnToCode\\src\\ui\\common\\admob\\InterstitialAdAdmob.tsx": {"path":"C:\\Users\\Netanel Izhak\\Desktop\\projects\\LearnToCode\\src\\ui\\common\\admob\\InterstitialAdAdmob.tsx","statementMap":{"0":{"start":{"line":8,"column":29},"end":{"line":8,"column":34}},"1":{"start":{"line":9,"column":17},"end":{"line":9,"column":90}},"2":{"start":{"line":11,"column":39},"end":{"line":27,"column":1}},"3":{"start":{"line":13,"column":4},"end":{"line":13,"column":39}},"4":{"start":{"line":14,"column":4},"end":{"line":16,"column":2}},"5":{"start":{"line":18,"column":1},"end":{"line":18,"column":21}},"6":{"start":{"line":20,"column":1},"end":{"line":25,"column":2}},"7":{"start":{"line":22,"column":2},"end":{"line":24,"column":3}},"8":{"start":{"line":23,"column":4},"end":{"line":23,"column":25}},"9":{"start":{"line":30,"column":32},"end":{"line":40,"column":1}},"10":{"start":{"line":31,"column":2},"end":{"line":39,"column":3}},"11":{"start":{"line":32,"column":4},"end":{"line":32,"column":41}},"12":{"start":{"line":33,"column":4},"end":{"line":38,"column":5}},"13":{"start":{"line":34,"column":6},"end":{"line":37,"column":37}},"14":{"start":{"line":35,"column":6},"end":{"line":35,"column":31}},"15":{"start":{"line":37,"column":16},"end":{"line":37,"column":36}},"16":{"start":{"line":42,"column":42},"end":{"line":44,"column":1}},"17":{"start":{"line":43,"column":2},"end":{"line":43,"column":30}}},"fnMap":{"0":{"name":"(anonymous_0)","decl":{"start":{"line":11,"column":39},"end":{"line":11,"column":40}},"loc":{"start":{"line":11,"column":61},"end":{"line":27,"column":1}},"line":11},"1":{"name":"(anonymous_1)","decl":{"start":{"line":20,"column":36},"end":{"line":20,"column":37}},"loc":{"start":{"line":20,"column":50},"end":{"line":25,"column":1}},"line":20},"2":{"name":"(anonymous_2)","decl":{"start":{"line":30,"column":32},"end":{"line":30,"column":33}},"loc":{"start":{"line":30,"column":41},"end":{"line":40,"column":1}},"line":30},"3":{"name":"(anonymous_3)","decl":{"start":{"line":42,"column":42},"end":{"line":42,"column":43}},"loc":{"start":{"line":42,"column":46},"end":{"line":44,"column":1}},"line":42}},"branchMap":{"0":{"loc":{"start":{"line":9,"column":17},"end":{"line":9,"column":90}},"type":"cond-expr","locations":[{"start":{"line":9,"column":27},"end":{"line":9,"column":47}},{"start":{"line":9,"column":50},"end":{"line":9,"column":90}}],"line":9},"1":{"loc":{"start":{"line":22,"column":2},"end":{"line":24,"column":3}},"type":"if","locations":[{"start":{"line":22,"column":2},"end":{"line":24,"column":3}},{"start":{"line":22,"column":2},"end":{"line":24,"column":3}}],"line":22},"2":{"loc":{"start":{"line":31,"column":2},"end":{"line":39,"column":3}},"type":"if","locations":[{"start":{"line":31,"column":2},"end":{"line":39,"column":3}},{"start":{"line":31,"column":2},"end":{"line":39,"column":3}}],"line":31},"3":{"loc":{"start":{"line":33,"column":4},"end":{"line":38,"column":5}},"type":"if","locations":[{"start":{"line":33,"column":4},"end":{"line":38,"column":5}},{"start":{"line":33,"column":4},"end":{"line":38,"column":5}}],"line":33},"4":{"loc":{"start":{"line":43,"column":2},"end":{"line":43,"column":30}},"type":"binary-expr","locations":[{"start":{"line":43,"column":2},"end":{"line":43,"column":13}},{"start":{"line":43,"column":17},"end":{"line":43,"column":30}}],"line":43}},"s":{"0":0,"1":0,"2":0,"3":0,"4":0,"5":0,"6":0,"7":0,"8":0,"9":0,"10":0,"11":0,"12":0,"13":0,"14":0,"15":0,"16":0,"17":0},"f":{"0":0,"1":0,"2":0,"3":0},"b":{"0":[0,0],"1":[0,0],"2":[0,0],"3":[0,0],"4":[0,0]}}
,"C:\\Users\\Netanel Izhak\\Desktop\\projects\\LearnToCode\\src\\ui\\common\\admob\\handleEEALocation.ts": {"path":"C:\\Users\\Netanel Izhak\\Desktop\\projects\\LearnToCode\\src\\ui\\common\\admob\\handleEEALocation.ts","statementMap":{"0":{"start":{"line":4,"column":28},"end":{"line":4,"column":33}},"1":{"start":{"line":6,"column":32},"end":{"line":40,"column":1}},"2":{"start":{"line":7,"column":29},"end":{"line":7,"column":33}},"3":{"start":{"line":9,"column":2},"end":{"line":31,"column":3}},"4":{"start":{"line":12,"column":24},"end":{"line":12,"column":84}},"5":{"start":{"line":13,"column":4},"end":{"line":13,"column":70}},"6":{"start":{"line":16,"column":5},"end":{"line":27,"column":5}},"7":{"start":{"line":20,"column":25},"end":{"line":24,"column":8}},"8":{"start":{"line":25,"column":19},"end":{"line":25,"column":36}},"9":{"start":{"line":26,"column":6},"end":{"line":26,"column":41}},"10":{"start":{"line":30,"column":4},"end":{"line":30,"column":24}},"11":{"start":{"line":32,"column":15},"end":{"line":32,"column":43}},"12":{"start":{"line":34,"column":2},"end":{"line":34,"column":72}},"13":{"start":{"line":38,"column":2},"end":{"line":38,"column":99}}},"fnMap":{"0":{"name":"(anonymous_0)","decl":{"start":{"line":6,"column":32},"end":{"line":6,"column":33}},"loc":{"start":{"line":6,"column":41},"end":{"line":40,"column":1}},"line":6}},"branchMap":{"0":{"loc":{"start":{"line":16,"column":5},"end":{"line":27,"column":5}},"type":"if","locations":[{"start":{"line":16,"column":5},"end":{"line":27,"column":5}},{"start":{"line":16,"column":5},"end":{"line":27,"column":5}}],"line":16},"1":{"loc":{"start":{"line":17,"column":6},"end":{"line":18,"column":53}},"type":"binary-expr","locations":[{"start":{"line":17,"column":6},"end":{"line":17,"column":49}},{"start":{"line":18,"column":6},"end":{"line":18,"column":53}}],"line":17},"2":{"loc":{"start":{"line":34,"column":19},"end":{"line":34,"column":72}},"type":"cond-expr","locations":[{"start":{"line":34,"column":62},"end":{"line":34,"column":66}},{"start":{"line":34,"column":67},"end":{"line":34,"column":72}}],"line":34},"3":{"loc":{"start":{"line":38,"column":9},"end":{"line":38,"column":99}},"type":"binary-expr","locations":[{"start":{"line":38,"column":10},"end":{"line":38,"column":43}},{"start":{"line":38,"column":47},"end":{"line":38,"column":69}},{"start":{"line":38,"column":75},"end":{"line":38,"column":98}}],"line":38}},"s":{"0":0,"1":0,"2":0,"3":0,"4":0,"5":0,"6":0,"7":0,"8":0,"9":0,"10":0,"11":0,"12":0,"13":0},"f":{"0":0},"b":{"0":[0,0],"1":[0,0],"2":[0,0],"3":[0,0,0]}}
,"C:\\Users\\Netanel Izhak\\Desktop\\projects\\LearnToCode\\src\\ui\\screens\\CodeArea.tsx": {"path":"C:\\Users\\Netanel Izhak\\Desktop\\projects\\LearnToCode\\src\\ui\\screens\\CodeArea.tsx","statementMap":{"0":{"start":{"line":12,"column":17},"end":{"line":77,"column":1}},"1":{"start":{"line":13,"column":28},"end":{"line":13,"column":94}},"2":{"start":{"line":13,"column":61},"end":{"line":13,"column":93}},"3":{"start":{"line":14,"column":31},"end":{"line":14,"column":96}},"4":{"start":{"line":14,"column":64},"end":{"line":14,"column":95}},"5":{"start":{"line":16,"column":19},"end":{"line":16,"column":32}},"6":{"start":{"line":17,"column":2},"end":{"line":23,"column":8}},"7":{"start":{"line":18,"column":4},"end":{"line":18,"column":56}},"8":{"start":{"line":19,"column":4},"end":{"line":22,"column":3}},"9":{"start":{"line":20,"column":4},"end":{"line":20,"column":45}},"10":{"start":{"line":21,"column":5},"end":{"line":21,"column":25}},"11":{"start":{"line":27,"column":28},"end":{"line":27,"column":30}},"12":{"start":{"line":29,"column":4},"end":{"line":57,"column":6}},"13":{"start":{"line":31,"column":5},"end":{"line":56,"column":6}},"14":{"start":{"line":32,"column":6},"end":{"line":43,"column":7}},"15":{"start":{"line":46,"column":6},"end":{"line":55,"column":7}},"16":{"start":{"line":58,"column":4},"end":{"line":58,"column":22}},"17":{"start":{"line":61,"column":2},"end":{"line":76,"column":3}},"18":{"start":{"line":79,"column":13},"end":{"line":84,"column":2}},"19":{"start":{"line":86,"column":17},"end":{"line":92,"column":2}}},"fnMap":{"0":{"name":"(anonymous_0)","decl":{"start":{"line":12,"column":17},"end":{"line":12,"column":18}},"loc":{"start":{"line":12,"column":23},"end":{"line":77,"column":1}},"line":12},"1":{"name":"(anonymous_1)","decl":{"start":{"line":13,"column":40},"end":{"line":13,"column":41}},"loc":{"start":{"line":13,"column":61},"end":{"line":13,"column":93}},"line":13},"2":{"name":"(anonymous_2)","decl":{"start":{"line":14,"column":43},"end":{"line":14,"column":44}},"loc":{"start":{"line":14,"column":64},"end":{"line":14,"column":95}},"line":14},"3":{"name":"(anonymous_3)","decl":{"start":{"line":17,"column":12},"end":{"line":17,"column":13}},"loc":{"start":{"line":17,"column":18},"end":{"line":23,"column":3}},"line":17},"4":{"name":"(anonymous_4)","decl":{"start":{"line":19,"column":11},"end":{"line":19,"column":12}},"loc":{"start":{"line":19,"column":17},"end":{"line":22,"column":3}},"line":19},"5":{"name":"splitBetweenTextAndCode","decl":{"start":{"line":25,"column":11},"end":{"line":25,"column":34}},"loc":{"start":{"line":25,"column":36},"end":{"line":59,"column":3}},"line":25},"6":{"name":"(anonymous_6)","decl":{"start":{"line":29,"column":39},"end":{"line":29,"column":40}},"loc":{"start":{"line":29,"column":59},"end":{"line":57,"column":5}},"line":29}},"branchMap":{"0":{"loc":{"start":{"line":31,"column":5},"end":{"line":56,"column":6}},"type":"if","locations":[{"start":{"line":31,"column":5},"end":{"line":56,"column":6}},{"start":{"line":31,"column":5},"end":{"line":56,"column":6}}],"line":31},"1":{"loc":{"start":{"line":64,"column":7},"end":{"line":71,"column":19}},"type":"cond-expr","locations":[{"start":{"line":66,"column":8},"end":{"line":66,"column":82}},{"start":{"line":68,"column":6},"end":{"line":71,"column":19}}],"line":64}},"s":{"0":0,"1":0,"2":0,"3":0,"4":0,"5":0,"6":0,"7":0,"8":0,"9":0,"10":0,"11":0,"12":0,"13":0,"14":0,"15":0,"16":0,"17":0,"18":0,"19":0},"f":{"0":0,"1":0,"2":0,"3":0,"4":0,"5":0,"6":0},"b":{"0":[0,0],"1":[0,0]}}
,"C:\\Users\\Netanel Izhak\\Desktop\\projects\\LearnToCode\\src\\ui\\screens\\ExamplesOrArticlesScreen.tsx": {"path":"C:\\Users\\Netanel Izhak\\Desktop\\projects\\LearnToCode\\src\\ui\\screens\\ExamplesOrArticlesScreen.tsx","statementMap":{"0":{"start":{"line":12,"column":27},"end":{"line":26,"column":1}},"1":{"start":{"line":14,"column":28},"end":{"line":14,"column":51}},"2":{"start":{"line":16,"column":20},"end":{"line":19,"column":3}},"3":{"start":{"line":17,"column":5},"end":{"line":17,"column":43}},"4":{"start":{"line":18,"column":6},"end":{"line":18,"column":53}},"5":{"start":{"line":21,"column":2},"end":{"line":25,"column":3}},"6":{"start":{"line":23,"column":64},"end":{"line":23,"column":81}},"7":{"start":{"line":28,"column":13},"end":{"line":33,"column":2}}},"fnMap":{"0":{"name":"(anonymous_0)","decl":{"start":{"line":12,"column":27},"end":{"line":12,"column":28}},"loc":{"start":{"line":12,"column":51},"end":{"line":26,"column":1}},"line":12},"1":{"name":"(anonymous_1)","decl":{"start":{"line":16,"column":20},"end":{"line":16,"column":21}},"loc":{"start":{"line":16,"column":35},"end":{"line":19,"column":3}},"line":16},"2":{"name":"(anonymous_2)","decl":{"start":{"line":23,"column":56},"end":{"line":23,"column":57}},"loc":{"start":{"line":23,"column":64},"end":{"line":23,"column":81}},"line":23}},"branchMap":{},"s":{"0":0,"1":0,"2":0,"3":0,"4":0,"5":0,"6":0,"7":0},"f":{"0":0,"1":0,"2":0},"b":{}}
,"C:\\Users\\Netanel Izhak\\Desktop\\projects\\LearnToCode\\src\\ui\\screens\\ListOfSubjects.tsx": {"path":"C:\\Users\\Netanel Izhak\\Desktop\\projects\\LearnToCode\\src\\ui\\screens\\ListOfSubjects.tsx","statementMap":{"0":{"start":{"line":13,"column":23},"end":{"line":36,"column":1}},"1":{"start":{"line":15,"column":19},"end":{"line":15,"column":32}},"2":{"start":{"line":16,"column":42},"end":{"line":16,"column":117}},"3":{"start":{"line":16,"column":75},"end":{"line":16,"column":116}},"4":{"start":{"line":18,"column":2},"end":{"line":21,"column":8}},"5":{"start":{"line":20,"column":4},"end":{"line":20,"column":51}},"6":{"start":{"line":23,"column":20},"end":{"line":26,"column":3}},"7":{"start":{"line":24,"column":9},"end":{"line":24,"column":50}},"8":{"start":{"line":25,"column":8},"end":{"line":25,"column":47}},"9":{"start":{"line":29,"column":2},"end":{"line":35,"column":3}},"10":{"start":{"line":32,"column":78},"end":{"line":32,"column":95}},"11":{"start":{"line":38,"column":13},"end":{"line":61,"column":2}}},"fnMap":{"0":{"name":"(anonymous_0)","decl":{"start":{"line":13,"column":23},"end":{"line":13,"column":24}},"loc":{"start":{"line":13,"column":47},"end":{"line":36,"column":1}},"line":13},"1":{"name":"(anonymous_1)","decl":{"start":{"line":16,"column":54},"end":{"line":16,"column":55}},"loc":{"start":{"line":16,"column":75},"end":{"line":16,"column":116}},"line":16},"2":{"name":"(anonymous_2)","decl":{"start":{"line":18,"column":12},"end":{"line":18,"column":13}},"loc":{"start":{"line":18,"column":18},"end":{"line":21,"column":3}},"line":18},"3":{"name":"(anonymous_3)","decl":{"start":{"line":23,"column":20},"end":{"line":23,"column":21}},"loc":{"start":{"line":23,"column":35},"end":{"line":26,"column":3}},"line":23},"4":{"name":"(anonymous_4)","decl":{"start":{"line":32,"column":70},"end":{"line":32,"column":71}},"loc":{"start":{"line":32,"column":78},"end":{"line":32,"column":95}},"line":32}},"branchMap":{},"s":{"0":0,"1":0,"2":0,"3":0,"4":0,"5":0,"6":0,"7":0,"8":0,"9":0,"10":0,"11":0},"f":{"0":0,"1":0,"2":0,"3":0,"4":0},"b":{}}
,"C:\\Users\\Netanel Izhak\\Desktop\\projects\\LearnToCode\\src\\ui\\screens\\TopicsListScreen.tsx": {"path":"C:\\Users\\Netanel Izhak\\Desktop\\projects\\LearnToCode\\src\\ui\\screens\\TopicsListScreen.tsx","statementMap":{"0":{"start":{"line":16,"column":25},"end":{"line":36,"column":1}},"1":{"start":{"line":18,"column":19},"end":{"line":18,"column":32}},"2":{"start":{"line":20,"column":2},"end":{"line":22,"column":8}},"3":{"start":{"line":21,"column":4},"end":{"line":21,"column":47}},"4":{"start":{"line":23,"column":23},"end":{"line":23,"column":84}},"5":{"start":{"line":23,"column":56},"end":{"line":23,"column":83}},"6":{"start":{"line":26,"column":20},"end":{"line":28,"column":3}},"7":{"start":{"line":27,"column":6},"end":{"line":27,"column":56}},"8":{"start":{"line":31,"column":2},"end":{"line":35,"column":3}},"9":{"start":{"line":33,"column":64},"end":{"line":33,"column":81}},"10":{"start":{"line":38,"column":13},"end":{"line":61,"column":2}}},"fnMap":{"0":{"name":"(anonymous_0)","decl":{"start":{"line":16,"column":25},"end":{"line":16,"column":26}},"loc":{"start":{"line":16,"column":55},"end":{"line":36,"column":1}},"line":16},"1":{"name":"(anonymous_1)","decl":{"start":{"line":20,"column":12},"end":{"line":20,"column":13}},"loc":{"start":{"line":20,"column":18},"end":{"line":22,"column":3}},"line":20},"2":{"name":"(anonymous_2)","decl":{"start":{"line":23,"column":35},"end":{"line":23,"column":36}},"loc":{"start":{"line":23,"column":56},"end":{"line":23,"column":83}},"line":23},"3":{"name":"(anonymous_3)","decl":{"start":{"line":26,"column":20},"end":{"line":26,"column":21}},"loc":{"start":{"line":26,"column":35},"end":{"line":28,"column":3}},"line":26},"4":{"name":"(anonymous_4)","decl":{"start":{"line":33,"column":56},"end":{"line":33,"column":57}},"loc":{"start":{"line":33,"column":64},"end":{"line":33,"column":81}},"line":33}},"branchMap":{},"s":{"0":0,"1":0,"2":0,"3":0,"4":0,"5":0,"6":0,"7":0,"8":0,"9":0,"10":0},"f":{"0":0,"1":0,"2":0,"3":0,"4":0},"b":{}}
,"C:\\Users\\Netanel Izhak\\Desktop\\projects\\LearnToCode\\src\\utils\\console.ts": {"path":"C:\\Users\\Netanel Izhak\\Desktop\\projects\\LearnToCode\\src\\utils\\console.ts","statementMap":{"0":{"start":{"line":3,"column":2},"end":{"line":3,"column":37}},"1":{"start":{"line":3,"column":15},"end":{"line":3,"column":35}},"2":{"start":{"line":6,"column":2},"end":{"line":6,"column":39}},"3":{"start":{"line":6,"column":15},"end":{"line":6,"column":37}}},"fnMap":{"0":{"name":"consoleLogIfDev","decl":{"start":{"line":2,"column":16},"end":{"line":2,"column":31}},"loc":{"start":{"line":2,"column":44},"end":{"line":4,"column":1}},"line":2},"1":{"name":"consoleErrorIfDev","decl":{"start":{"line":5,"column":16},"end":{"line":5,"column":33}},"loc":{"start":{"line":5,"column":46},"end":{"line":7,"column":1}},"line":5}},"branchMap":{"0":{"loc":{"start":{"line":3,"column":2},"end":{"line":3,"column":37}},"type":"if","locations":[{"start":{"line":3,"column":2},"end":{"line":3,"column":37}},{"start":{"line":3,"column":2},"end":{"line":3,"column":37}}],"line":3},"1":{"loc":{"start":{"line":6,"column":2},"end":{"line":6,"column":39}},"type":"if","locations":[{"start":{"line":6,"column":2},"end":{"line":6,"column":39}},{"start":{"line":6,"column":2},"end":{"line":6,"column":39}}],"line":6}},"s":{"0":0,"1":0,"2":0,"3":0},"f":{"0":0,"1":0},"b":{"0":[0,0],"1":[0,0]}}
}
